------------------------------------------------------------------------------------------------------------------------

[2023-01-20 19:16:15 #1 store] 
Database 'C:\Users\alu\Desktop\Eric\Eric\ADE\Workspace\UD4\data\campeonato.odb' is opened by 9760@PC13

[2023-01-20 19:16:15 #2 store] 
Configuration path: ?

[2023-01-20 19:16:15 #3 type] 
Type modelo.Jugador is not enhanced.

[2023-01-20 19:16:15 #4 type] 
Type modelo.Fecha is not enhanced.

[2023-01-20 19:16:15 #5 type] 
Type modelo.Equipo is not enhanced.

[2023-01-20 19:16:15 #6 type] 
Type modelo.Partido is not enhanced.

[2023-01-20 19:16:15 #7 type] 
Type modelo.Resultado is not enhanced.

[2023-01-20 19:16:15 #8 store] 
Database 'C:\Users\alu\Desktop\Eric\Eric\ADE\Workspace\UD4\data\campeonato.odb' is closed by 9760@PC13

------------------------------------------------------------------------------------------------------------------------

[2023-01-20 19:16:40 #1 store] 
Database 'C:\Users\alu\Desktop\Eric\Eric\ADE\Workspace\UD4\data\campeonato.odb' is opened by 12172@PC13

[2023-01-20 19:16:40 #2 store] 
Configuration path: ?

[2023-01-20 19:16:40 #3 type] 
Type modelo.Jugador is not enhanced.

[2023-01-20 19:16:40 #4 type] 
Type modelo.Fecha is not enhanced.

[2023-01-20 19:16:40 #5 type] 
Type modelo.Equipo is not enhanced.

[2023-01-20 19:16:40 #6 type] 
Type modelo.Partido is not enhanced.

[2023-01-20 19:16:40 #7 type] 
Type modelo.Resultado is not enhanced.

[2023-01-20 19:16:40 #8 store] 
Database 'C:\Users\alu\Desktop\Eric\Eric\ADE\Workspace\UD4\data\campeonato.odb' is closed by 12172@PC13

------------------------------------------------------------------------------------------------------------------------

[2023-01-20 19:18:43 #1 store] 
Database 'C:\Users\alu\Desktop\Eric\Eric\ADE\Workspace\UD4\data\campeonato.odb' is opened by 3028@PC13

[2023-01-20 19:18:43 #2 store] 
Configuration path: ?

[2023-01-20 19:18:43 #3 type] 
Type modelo.Jugador is not enhanced.

[2023-01-20 19:18:43 #4 type] 
Type modelo.Fecha is not enhanced.

[2023-01-20 19:18:43 #5 type] 
Type modelo.Equipo is not enhanced.

[2023-01-20 19:18:43 #6 type] 
Type modelo.Partido is not enhanced.

[2023-01-20 19:18:43 #7 type] 
Type modelo.Resultado is not enhanced.

[2023-01-20 19:18:43 #8 store] 
Database 'C:\Users\alu\Desktop\Eric\Eric\ADE\Workspace\UD4\data\campeonato.odb' is closed by 3028@PC13

[2023-01-20 19:18:46 #9 store] 
Database 'C:\Users\alu\Desktop\Eric\Eric\ADE\Workspace\UD4\data\campeonato.odb' is opened by 3028@PC13

[2023-01-20 19:18:46 #10 store] 
Configuration path: ?

[2023-01-20 19:18:46 #11 store] 
Database 'C:\Users\alu\Desktop\Eric\Eric\ADE\Workspace\UD4\data\campeonato.odb' is closed by 3028@PC13

[2023-01-20 19:19:25 #12 store] 
Database 'C:\Users\alu\Desktop\Eric\Eric\ADE\Workspace\UD4\data\campeonato.odb' is opened by 3028@PC13

[2023-01-20 19:19:25 #13 store] 
Configuration path: ?

[2023-01-20 19:19:25 #14 store] 
Database 'C:\Users\alu\Desktop\Eric\Eric\ADE\Workspace\UD4\data\campeonato.odb' is closed by 3028@PC13

[2023-01-20 19:19:38 #15 store] 
Database 'C:\Users\alu\Desktop\Eric\Eric\ADE\Workspace\UD4\data\campeonato.odb' is opened by 3028@PC13

[2023-01-20 19:19:38 #16 store] 
Configuration path: ?

[2023-01-20 19:19:38 #17 store] 
Database 'C:\Users\alu\Desktop\Eric\Eric\ADE\Workspace\UD4\data\campeonato.odb' is closed by 3028@PC13

[2023-01-20 19:27:42 #18 store] 
Database 'C:\Users\alu\Desktop\Eric\Eric\ADE\Workspace\UD4\data\campeonato.odb' is opened by 3028@PC13

[2023-01-20 19:27:42 #19 store] 
Configuration path: ?

[2023-01-20 19:27:42 #20 store] 
Database 'C:\Users\alu\Desktop\Eric\Eric\ADE\Workspace\UD4\data\campeonato.odb' is closed by 3028@PC13

[2023-01-20 19:27:59 #21 store] 
Database 'C:\Users\alu\Desktop\Eric\Eric\ADE\Workspace\UD4\data\campeonato.odb' is opened by 3028@PC13

[2023-01-20 19:27:59 #22 store] 
Configuration path: ?

[2023-01-20 19:27:59 #23 store] 
Database 'C:\Users\alu\Desktop\Eric\Eric\ADE\Workspace\UD4\data\campeonato.odb' is closed by 3028@PC13

[2023-01-20 19:28:10 #24 store] 
Database 'C:\Users\alu\Desktop\Eric\Eric\ADE\Workspace\UD4\data\campeonato.odb' is opened by 3028@PC13

[2023-01-20 19:28:10 #25 store] 
Configuration path: ?

[2023-01-20 19:28:10 #26 store] 
Database 'C:\Users\alu\Desktop\Eric\Eric\ADE\Workspace\UD4\data\campeonato.odb' is closed by 3028@PC13

[2023-01-20 19:28:24 #27 store] 
Database 'C:\Users\alu\Desktop\Eric\Eric\ADE\Workspace\UD4\data\campeonato.odb' is opened by 3028@PC13

[2023-01-20 19:28:24 #28 store] 
Configuration path: ?

[2023-01-20 19:28:24 #29 store] 
Database 'C:\Users\alu\Desktop\Eric\Eric\ADE\Workspace\UD4\data\campeonato.odb' is closed by 3028@PC13

[2023-01-20 19:28:26 #30 store] 
Database 'C:\Users\alu\Desktop\Eric\Eric\ADE\Workspace\UD4\data\campeonato.odb' is opened by 3028@PC13

[2023-01-20 19:28:26 #31 store] 
Configuration path: ?

[2023-01-20 19:28:26 #32 store] 
Database 'C:\Users\alu\Desktop\Eric\Eric\ADE\Workspace\UD4\data\campeonato.odb' is closed by 3028@PC13

[2023-01-20 19:28:33 #33 store] 
Database 'C:\Users\alu\Desktop\Eric\Eric\ADE\Workspace\UD4\data\campeonato.odb' is opened by 3028@PC13

[2023-01-20 19:28:33 #34 store] 
Configuration path: ?

[2023-01-20 19:28:33 #35 store] 
Database 'C:\Users\alu\Desktop\Eric\Eric\ADE\Workspace\UD4\data\campeonato.odb' is closed by 3028@PC13

[2023-01-20 19:28:33 #36 store] 
Database 'C:\Users\alu\Desktop\Eric\Eric\ADE\Workspace\UD4\data\campeonato.odb' is opened by 3028@PC13

[2023-01-20 19:28:33 #37 store] 
Configuration path: ?

[2023-01-20 19:28:33 #38 store] 
Database 'C:\Users\alu\Desktop\Eric\Eric\ADE\Workspace\UD4\data\campeonato.odb' is closed by 3028@PC13

[2023-01-20 19:28:33 #39 store] 
Database 'C:\Users\alu\Desktop\Eric\Eric\ADE\Workspace\UD4\data\campeonato.odb' is opened by 3028@PC13

[2023-01-20 19:28:33 #40 store] 
Configuration path: ?

[2023-01-20 19:28:33 #41 store] 
Database 'C:\Users\alu\Desktop\Eric\Eric\ADE\Workspace\UD4\data\campeonato.odb' is closed by 3028@PC13

[2023-01-20 19:28:33 #42 store] 
Database 'C:\Users\alu\Desktop\Eric\Eric\ADE\Workspace\UD4\data\campeonato.odb' is opened by 3028@PC13

[2023-01-20 19:28:33 #43 store] 
Configuration path: ?

[2023-01-20 19:28:33 #44 store] 
Database 'C:\Users\alu\Desktop\Eric\Eric\ADE\Workspace\UD4\data\campeonato.odb' is closed by 3028@PC13

[2023-01-20 19:28:39 #45 store] 
Database 'C:\Users\alu\Desktop\Eric\Eric\ADE\Workspace\UD4\data\campeonato.odb' is opened by 3028@PC13

[2023-01-20 19:28:39 #46 store] 
Configuration path: ?

[2023-01-20 19:28:39 #47 store] 
Database 'C:\Users\alu\Desktop\Eric\Eric\ADE\Workspace\UD4\data\campeonato.odb' is closed by 3028@PC13

[2023-01-20 19:48:40 #48 store] 
Database 'C:\Users\alu\Desktop\Eric\Eric\ADE\Workspace\UD4\data\campeonato.odb' is opened by 3028@PC13

[2023-01-20 19:48:40 #49 store] 
Configuration path: ?

[2023-01-20 19:48:40 #50 store] 
Database 'C:\Users\alu\Desktop\Eric\Eric\ADE\Workspace\UD4\data\campeonato.odb' is closed by 3028@PC13

[2023-01-20 19:48:42 #51 store] 
Database 'C:\Users\alu\Desktop\Eric\Eric\ADE\Workspace\UD4\data\campeonato.odb' is opened by 3028@PC13

[2023-01-20 19:48:42 #52 store] 
Configuration path: ?

[2023-01-20 19:48:42 #53 store] 
Database 'C:\Users\alu\Desktop\Eric\Eric\ADE\Workspace\UD4\data\campeonato.odb' is closed by 3028@PC13

[2023-01-20 19:48:53 #54 store] 
Database 'C:\Users\alu\Desktop\Eric\Eric\ADE\Workspace\UD4\data\campeonato.odb' is opened by 3028@PC13

[2023-01-20 19:48:53 #55 store] 
Configuration path: ?

[2023-01-20 19:48:53 #56 store] 
Database 'C:\Users\alu\Desktop\Eric\Eric\ADE\Workspace\UD4\data\campeonato.odb' is closed by 3028@PC13

[2023-01-20 19:48:55 #57 store] 
Database 'C:\Users\alu\Desktop\Eric\Eric\ADE\Workspace\UD4\data\campeonato.odb' is opened by 3028@PC13

[2023-01-20 19:48:55 #58 store] 
Configuration path: ?

[2023-01-20 19:48:55 #59 store] 
Database 'C:\Users\alu\Desktop\Eric\Eric\ADE\Workspace\UD4\data\campeonato.odb' is closed by 3028@PC13

[2023-01-20 19:49:25 #60 store] 
Database 'C:\Users\alu\Desktop\Eric\Eric\ADE\Workspace\UD4\data\campeonato.odb' is opened by 3028@PC13

[2023-01-20 19:49:25 #61 store] 
Configuration path: ?

[2023-01-20 19:49:25 #62 store] 
Database 'C:\Users\alu\Desktop\Eric\Eric\ADE\Workspace\UD4\data\campeonato.odb' is closed by 3028@PC13

[2023-01-20 19:49:26 #63 store] 
Database 'C:\Users\alu\Desktop\Eric\Eric\ADE\Workspace\UD4\data\campeonato.odb' is opened by 3028@PC13

[2023-01-20 19:49:26 #64 store] 
Configuration path: ?

[2023-01-20 19:49:26 #65 store] 
Database 'C:\Users\alu\Desktop\Eric\Eric\ADE\Workspace\UD4\data\campeonato.odb' is closed by 3028@PC13

[2023-01-20 19:49:36 #66 store] 
Database 'C:\Users\alu\Desktop\Eric\Eric\ADE\Workspace\UD4\data\campeonato.odb' is opened by 3028@PC13

[2023-01-20 19:49:36 #67 store] 
Configuration path: ?

[2023-01-20 19:49:36 #68 store] 
Database 'C:\Users\alu\Desktop\Eric\Eric\ADE\Workspace\UD4\data\campeonato.odb' is closed by 3028@PC13

[2023-01-20 19:49:38 #69 store] 
Database 'C:\Users\alu\Desktop\Eric\Eric\ADE\Workspace\UD4\data\campeonato.odb' is opened by 3028@PC13

[2023-01-20 19:49:38 #70 store] 
Configuration path: ?

[2023-01-20 19:49:38 #71 store] 
Database 'C:\Users\alu\Desktop\Eric\Eric\ADE\Workspace\UD4\data\campeonato.odb' is closed by 3028@PC13

