Using pre-set license
Built from '2021.3/staging' branch; Version is '2021.3.19f1 (c9714fde33b6) revision 13201743'; Using compiler version '192829333'; Build Type 'Release'
OS: 'Windows 10  (10.0.19045) 64bit EducationN' Language: 'es' Physical Memory: 16285 MB
BatchMode: 1, IsHumanControllingUs: 0, StartBugReporterOnCrash: 0, Is64bit: 1, IsPro: 1

COMMAND LINE ARGUMENTS:
C:\Program Files\Unity\Hub\Editor\2021.3.19f1\Editor\Unity.exe
-adb2
-batchMode
-noUpm
-name
AssetImportWorker1
-projectPath
C:/Users/alu/TheBindingOfEric
-logFile
Logs/AssetImportWorker1.log
-srvPort
58423
Successfully changed project path to: C:/Users/alu/TheBindingOfEric
C:/Users/alu/TheBindingOfEric
[UnityMemory] Configuration Parameters - Can be set up in boot.config
    "memorysetup-bucket-allocator-granularity=16"
    "memorysetup-bucket-allocator-bucket-count=8"
    "memorysetup-bucket-allocator-block-size=33554432"
    "memorysetup-bucket-allocator-block-count=8"
    "memorysetup-main-allocator-block-size=16777216"
    "memorysetup-thread-allocator-block-size=16777216"
    "memorysetup-gfx-main-allocator-block-size=16777216"
    "memorysetup-gfx-thread-allocator-block-size=16777216"
    "memorysetup-cache-allocator-block-size=4194304"
    "memorysetup-typetree-allocator-block-size=2097152"
    "memorysetup-profiler-bucket-allocator-granularity=16"
    "memorysetup-profiler-bucket-allocator-bucket-count=8"
    "memorysetup-profiler-bucket-allocator-block-size=33554432"
    "memorysetup-profiler-bucket-allocator-block-count=8"
    "memorysetup-profiler-allocator-block-size=16777216"
    "memorysetup-profiler-editor-allocator-block-size=1048576"
    "memorysetup-temp-allocator-size-main=16777216"
    "memorysetup-job-temp-allocator-block-size=2097152"
    "memorysetup-job-temp-allocator-block-size-background=1048576"
    "memorysetup-job-temp-allocator-reduction-small-platforms=262144"
    "memorysetup-temp-allocator-size-background-worker=32768"
    "memorysetup-temp-allocator-size-job-worker=262144"
    "memorysetup-temp-allocator-size-preload-manager=33554432"
    "memorysetup-temp-allocator-size-nav-mesh-worker=65536"
    "memorysetup-temp-allocator-size-audio-worker=65536"
    "memorysetup-temp-allocator-size-cloud-worker=32768"
    "memorysetup-temp-allocator-size-gi-baking-worker=262144"
    "memorysetup-temp-allocator-size-gfx=262144"
Player connection [9284] Host "[IP] 192.168.232.1 [Port] 0 [Flags] 2 [Guid] 1202420128 [EditorId] 1202420128 [Version] 1048832 [Id] WindowsEditor(7,PC13) [Debug] 1 [PackageName] WindowsEditor [ProjectName] Editor" joined multi-casting on [225.0.0.222:54997]...

Player connection [9284] Host "[IP] 192.168.232.1 [Port] 0 [Flags] 2 [Guid] 1202420128 [EditorId] 1202420128 [Version] 1048832 [Id] WindowsEditor(7,PC13) [Debug] 1 [PackageName] WindowsEditor [ProjectName] Editor" joined alternative multi-casting on [225.0.0.222:34997]...

Refreshing native plugins compatible for Editor in 105.26 ms, found 4 plugins.
Preloading 0 native plugins for Editor in 0.00 ms.
Initialize engine version: 2021.3.19f1 (c9714fde33b6)
[Subsystems] Discovering subsystems at path C:/Program Files/Unity/Hub/Editor/2021.3.19f1/Editor/Data/Resources/UnitySubsystems
[Subsystems] Discovering subsystems at path C:/Users/alu/TheBindingOfEric/Assets
GfxDevice: creating device client; threaded=0; jobified=0
Direct3D:
    Version:  Direct3D 11.0 [level 11.0]
    Renderer: NVIDIA GeForce GT 710 (ID=0x128b)
    Vendor:   NVIDIA
    VRAM:     984 MB
    Driver:   27.21.14.6109
Initialize mono
Mono path[0] = 'C:/Program Files/Unity/Hub/Editor/2021.3.19f1/Editor/Data/Managed'
Mono path[1] = 'C:/Program Files/Unity/Hub/Editor/2021.3.19f1/Editor/Data/MonoBleedingEdge/lib/mono/unityjit-win32'
Mono config path = 'C:/Program Files/Unity/Hub/Editor/2021.3.19f1/Editor/Data/MonoBleedingEdge/etc'
Using monoOptions --debugger-agent=transport=dt_socket,embedding=1,server=y,suspend=n,address=127.0.0.1:56592
Begin MonoManager ReloadAssembly
Registering precompiled unity dll's ...
Register platform support module: C:/Program Files/Unity/Hub/Editor/2021.3.19f1/Editor/Data/PlaybackEngines/WebGLSupport/UnityEditor.WebGL.Extensions.dll
Register platform support module: C:/Program Files/Unity/Hub/Editor/2021.3.19f1/Editor/Data/PlaybackEngines/WindowsStandaloneSupport/UnityEditor.WindowsStandalone.Extensions.dll
Registered in 0.011585 seconds.
Native extension for WindowsStandalone target not found
Native extension for WebGL target not found
Refreshing native plugins compatible for Editor in 119.20 ms, found 4 plugins.
Preloading 0 native plugins for Editor in 0.00 ms.
Mono: successfully reloaded assembly
- Completed reload, in  0.797 seconds
Domain Reload Profiling:
	ReloadAssembly (798ms)
		BeginReloadAssembly (100ms)
			ExecutionOrderSort (0ms)
			DisableScriptedObjects (0ms)
			BackupInstance (0ms)
			ReleaseScriptingObjects (0ms)
			CreateAndSetChildDomain (1ms)
		EndReloadAssembly (572ms)
			LoadAssemblies (97ms)
			RebuildTransferFunctionScriptingTraits (0ms)
			SetupTypeCache (128ms)
			ReleaseScriptCaches (0ms)
			RebuildScriptCaches (31ms)
			SetupLoadedEditorAssemblies (357ms)
				LogAssemblyErrors (0ms)
				InitializePlatformSupportModulesInManaged (10ms)
				SetLoadedEditorAssemblies (0ms)
				RefreshPlugins (119ms)
				BeforeProcessingInitializeOnLoad (2ms)
				ProcessInitializeOnLoadAttributes (176ms)
				ProcessInitializeOnLoadMethodAttributes (51ms)
				AfterProcessingInitializeOnLoad (0ms)
				EditorAssembliesLoaded (0ms)
			ExecutionOrderSort2 (0ms)
			AwakeInstancesAfterBackupRestoration (0ms)
Platform modules already initialized, skipping
Registering precompiled user dll's ...
Registered in 0.008567 seconds.
Begin MonoManager ReloadAssembly
Symbol file LoadedFromMemory doesn't match image C:\Users\alu\TheBindingOfEric\Library\PackageCache\com.unity.visualscripting@1.8.0\Editor\VisualScripting.Core\Dependencies\YamlDotNet\Unity.VisualScripting.YamlDotNet.dll
Symbol file LoadedFromMemory doesn't match image C:\Users\alu\TheBindingOfEric\Library\PackageCache\com.unity.visualscripting@1.8.0\Editor\VisualScripting.Core\Dependencies\DotNetZip\Unity.VisualScripting.IonicZip.dll
Native extension for WindowsStandalone target not found
Native extension for WebGL target not found
Refreshing native plugins compatible for Editor in 104.17 ms, found 4 plugins.
Preloading 0 native plugins for Editor in 0.00 ms.
Mono: successfully reloaded assembly
- Completed reload, in  1.334 seconds
Domain Reload Profiling:
	ReloadAssembly (1334ms)
		BeginReloadAssembly (125ms)
			ExecutionOrderSort (0ms)
			DisableScriptedObjects (7ms)
			BackupInstance (0ms)
			ReleaseScriptingObjects (0ms)
			CreateAndSetChildDomain (21ms)
		EndReloadAssembly (1065ms)
			LoadAssemblies (107ms)
			RebuildTransferFunctionScriptingTraits (0ms)
			SetupTypeCache (299ms)
			ReleaseScriptCaches (1ms)
			RebuildScriptCaches (65ms)
			SetupLoadedEditorAssemblies (533ms)
				LogAssemblyErrors (0ms)
				InitializePlatformSupportModulesInManaged (6ms)
				SetLoadedEditorAssemblies (0ms)
				RefreshPlugins (104ms)
				BeforeProcessingInitializeOnLoad (110ms)
				ProcessInitializeOnLoadAttributes (269ms)
				ProcessInitializeOnLoadMethodAttributes (37ms)
				AfterProcessingInitializeOnLoad (7ms)
				EditorAssembliesLoaded (0ms)
			ExecutionOrderSort2 (0ms)
			AwakeInstancesAfterBackupRestoration (10ms)
Platform modules already initialized, skipping
========================================================================
Worker process is ready to serve import requests
Launched and connected shader compiler UnityShaderCompiler.exe after 0.06 seconds
Refreshing native plugins compatible for Editor in 0.78 ms, found 4 plugins.
Preloading 0 native plugins for Editor in 0.00 ms.
Unloading 3734 Unused Serialized files (Serialized files now loaded: 0)
Unloading 41 unused Assets / (229.3 KB). Loaded Objects now: 4187.
Memory consumption went from 142.6 MB to 142.4 MB.
Total: 3.818100 ms (FindLiveObjects: 0.279300 ms CreateObjectMapping: 0.256700 ms MarkObjects: 3.125900 ms  DeleteObjects: 0.155200 ms)

AssetImportParameters requested are different than current active one (requested -> active):
  custom:video-decoder-ogg-theora: a1e56fd34408186e4bbccfd4996cb3dc -> 
  custom:container-muxer-webm: aa71ff27fc2769a1b78a27578f13a17b -> 
  custom:container-demuxer-webm: 4f35f7cbe854078d1ac9338744f61a02 -> 
  custom:video-encoder-webm-vp8: eb34c28f22e8b96e1ab97ce403110664 -> 
  custom:audio-encoder-webm-vorbis: bf7c407c2cedff20999df2af8eb42d56 -> 
  custom:container-demuxer-ogg: 62fdf1f143b41e24485cea50d1cbac27 -> 
  custom:video-decoder-webm-vp8: 9c59270c3fd7afecdb556c50c9e8de78 -> 
  custom:audio-decoder-ogg-vorbis: bf7c407c2cedff20999df2af8eb42d56 -> 
========================================================================
Received Prepare
Registering precompiled user dll's ...
Registered in 0.008835 seconds.
Begin MonoManager ReloadAssembly
Symbol file LoadedFromMemory doesn't match image C:\Users\alu\TheBindingOfEric\Library\PackageCache\com.unity.visualscripting@1.8.0\Editor\VisualScripting.Core\Dependencies\YamlDotNet\Unity.VisualScripting.YamlDotNet.dll
Symbol file LoadedFromMemory doesn't match image C:\Users\alu\TheBindingOfEric\Library\PackageCache\com.unity.visualscripting@1.8.0\Editor\VisualScripting.Core\Dependencies\DotNetZip\Unity.VisualScripting.IonicZip.dll
Native extension for WindowsStandalone target not found
Native extension for WebGL target not found
Refreshing native plugins compatible for Editor in 1.31 ms, found 4 plugins.
Preloading 0 native plugins for Editor in 0.00 ms.
Mono: successfully reloaded assembly
- Completed reload, in  1.366 seconds
Domain Reload Profiling:
	ReloadAssembly (1367ms)
		BeginReloadAssembly (140ms)
			ExecutionOrderSort (0ms)
			DisableScriptedObjects (8ms)
			BackupInstance (0ms)
			ReleaseScriptingObjects (0ms)
			CreateAndSetChildDomain (37ms)
		EndReloadAssembly (1091ms)
			LoadAssemblies (105ms)
			RebuildTransferFunctionScriptingTraits (0ms)
			SetupTypeCache (354ms)
			ReleaseScriptCaches (2ms)
			RebuildScriptCaches (68ms)
			SetupLoadedEditorAssemblies (477ms)
				LogAssemblyErrors (0ms)
				InitializePlatformSupportModulesInManaged (21ms)
				SetLoadedEditorAssemblies (1ms)
				RefreshPlugins (2ms)
				BeforeProcessingInitializeOnLoad (104ms)
				ProcessInitializeOnLoadAttributes (291ms)
				ProcessInitializeOnLoadMethodAttributes (48ms)
				AfterProcessingInitializeOnLoad (10ms)
				EditorAssembliesLoaded (0ms)
			ExecutionOrderSort2 (0ms)
			AwakeInstancesAfterBackupRestoration (15ms)
Platform modules already initialized, skipping
Refreshing native plugins compatible for Editor in 3.10 ms, found 4 plugins.
Preloading 0 native plugins for Editor in 0.00 ms.
Unloading 3729 Unused Serialized files (Serialized files now loaded: 0)
Unloading 28 unused Assets / (195.7 KB). Loaded Objects now: 4190.
Memory consumption went from 142.4 MB to 142.2 MB.
Total: 4.072900 ms (FindLiveObjects: 0.321800 ms CreateObjectMapping: 0.208000 ms MarkObjects: 3.344800 ms  DeleteObjects: 0.197100 ms)

AssetImportParameters requested are different than current active one (requested -> active):
  custom:video-decoder-ogg-theora: a1e56fd34408186e4bbccfd4996cb3dc -> 
  custom:container-muxer-webm: aa71ff27fc2769a1b78a27578f13a17b -> 
  custom:container-demuxer-webm: 4f35f7cbe854078d1ac9338744f61a02 -> 
  custom:video-encoder-webm-vp8: eb34c28f22e8b96e1ab97ce403110664 -> 
  custom:audio-encoder-webm-vorbis: bf7c407c2cedff20999df2af8eb42d56 -> 
  custom:container-demuxer-ogg: 62fdf1f143b41e24485cea50d1cbac27 -> 
  custom:video-decoder-webm-vp8: 9c59270c3fd7afecdb556c50c9e8de78 -> 
  custom:audio-decoder-ogg-vorbis: bf7c407c2cedff20999df2af8eb42d56 -> 
========================================================================
Received Import Request.
  Time since last request: 13403.044784 seconds.
  path: Assets/Sprites 1/CofreMal - copia.png
  artifactKey: Guid(52724990dc2d1b543a037002a647d284) Importer(815301076,1909f56bfc062723c751e8b465ee728b)
Start importing Assets/Sprites 1/CofreMal - copia.png using Guid(52724990dc2d1b543a037002a647d284) Importer(815301076,1909f56bfc062723c751e8b465ee728b)  -> (artifact id: '05f6435cb271c716e0af90a5f67949aa') in 0.179883 seconds 
========================================================================
Received Import Request.
  Time since last request: 0.000035 seconds.
  path: Assets/Sprites 1/Disparo.png
  artifactKey: Guid(b1eecad9b116cc849825b386a91a8b94) Importer(815301076,1909f56bfc062723c751e8b465ee728b)
Start importing Assets/Sprites 1/Disparo.png using Guid(b1eecad9b116cc849825b386a91a8b94) Importer(815301076,1909f56bfc062723c751e8b465ee728b)  -> (artifact id: '2bed3e02c611e484c82615504b89e2a3') in 0.020972 seconds 
========================================================================
Received Import Request.
  Time since last request: 0.000033 seconds.
  path: Assets/Sprites 1/Pared-1.png (7).png
  artifactKey: Guid(78c51c715efb75f4bafeeaa5337090ba) Importer(815301076,1909f56bfc062723c751e8b465ee728b)
Start importing Assets/Sprites 1/Pared-1.png (7).png using Guid(78c51c715efb75f4bafeeaa5337090ba) Importer(815301076,1909f56bfc062723c751e8b465ee728b)  -> (artifact id: '11e4ad32e33c316b232e31cc361e66e9') in 0.020525 seconds 
========================================================================
Received Import Request.
  Time since last request: 0.000044 seconds.
  path: Assets/Sprites 1/New Piskel (1).png
  artifactKey: Guid(afa648cd9133f3845b825f7a0af56d15) Importer(815301076,1909f56bfc062723c751e8b465ee728b)
Start importing Assets/Sprites 1/New Piskel (1).png using Guid(afa648cd9133f3845b825f7a0af56d15) Importer(815301076,1909f56bfc062723c751e8b465ee728b)  -> (artifact id: 'd758e003ccab06954c31261fd83a91be') in 0.023032 seconds 
========================================================================
Received Import Request.
  Time since last request: 0.000047 seconds.
  path: Assets/Sprites 1/New Piskel.gif
  artifactKey: Guid(60c7b945f1c269a4083a04e41c00d1a2) Importer(815301076,1909f56bfc062723c751e8b465ee728b)
Start importing Assets/Sprites 1/New Piskel.gif using Guid(60c7b945f1c269a4083a04e41c00d1a2) Importer(815301076,1909f56bfc062723c751e8b465ee728b)  -> (artifact id: '0d778023b04dd21d9f6ae82305bd5caa') in 0.020424 seconds 
========================================================================
Received Import Request.
  Time since last request: 0.000036 seconds.
  path: Assets/Sprites 1/Pared-1.png (2).png
  artifactKey: Guid(c2312cf971e26ff4489f1e7f62d9459a) Importer(815301076,1909f56bfc062723c751e8b465ee728b)
Start importing Assets/Sprites 1/Pared-1.png (2).png using Guid(c2312cf971e26ff4489f1e7f62d9459a) Importer(815301076,1909f56bfc062723c751e8b465ee728b)  -> (artifact id: '2b562f7c7bd2bf55b998086ae4161951') in 0.020183 seconds 
========================================================================
Received Import Request.
  Time since last request: 0.000027 seconds.
  path: Assets/Sprites 1/Pared-1.png (1).png
  artifactKey: Guid(f31bc477804550d4e80420f2e3ef154c) Importer(815301076,1909f56bfc062723c751e8b465ee728b)
Start importing Assets/Sprites 1/Pared-1.png (1).png using Guid(f31bc477804550d4e80420f2e3ef154c) Importer(815301076,1909f56bfc062723c751e8b465ee728b)  -> (artifact id: '7220ffe42a05967ec1936b859f7c8fc3') in 0.040884 seconds 
========================================================================
Received Import Request.
  Time since last request: 0.000023 seconds.
  path: Assets/Sprites 1/Suelo.PNG
  artifactKey: Guid(e1fd670aad2e9d74d994dd20af9b53a0) Importer(815301076,1909f56bfc062723c751e8b465ee728b)
Start importing Assets/Sprites 1/Suelo.PNG using Guid(e1fd670aad2e9d74d994dd20af9b53a0) Importer(815301076,1909f56bfc062723c751e8b465ee728b)  -> (artifact id: '912ca6510fdd3fcaee58482878416979') in 0.020568 seconds 
========================================================================
Received Import Request.
  Time since last request: 0.000021 seconds.
  path: Assets/Sprites 1/SueloEntero.png
  artifactKey: Guid(08272b2456d568a47821e7dc395ab5c3) Importer(815301076,1909f56bfc062723c751e8b465ee728b)
Start importing Assets/Sprites 1/SueloEntero.png using Guid(08272b2456d568a47821e7dc395ab5c3) Importer(815301076,1909f56bfc062723c751e8b465ee728b)  -> (artifact id: '60993191982db9f7454ee7d9bd996d30') in 0.046875 seconds 
========================================================================
Received Import Request.
  Time since last request: 0.000024 seconds.
  path: Assets/Sprites 1/Enemigo.png
  artifactKey: Guid(8ba65d8040061d546a99a5334dce9bd6) Importer(815301076,1909f56bfc062723c751e8b465ee728b)
Start importing Assets/Sprites 1/Enemigo.png using Guid(8ba65d8040061d546a99a5334dce9bd6) Importer(815301076,1909f56bfc062723c751e8b465ee728b)  -> (artifact id: '540bdc2d5850497b39dc9c28781b49c0') in 0.018215 seconds 
========================================================================
Received Import Request.
  Time since last request: 0.000035 seconds.
  path: Assets/Sprites 1/Pared-1.png (4).png
  artifactKey: Guid(535fe640a836c564f9db3b298cb2031c) Importer(815301076,1909f56bfc062723c751e8b465ee728b)
Start importing Assets/Sprites 1/Pared-1.png (4).png using Guid(535fe640a836c564f9db3b298cb2031c) Importer(815301076,1909f56bfc062723c751e8b465ee728b)  -> (artifact id: 'bf2f66f6fc24078728d81a0668c4bf8e') in 0.017797 seconds 
========================================================================
Received Import Request.
  Time since last request: 0.000038 seconds.
  path: Assets/Sprites 1/Pared.PNG
  artifactKey: Guid(5f60ba46e7f409243813fed927b7bace) Importer(815301076,1909f56bfc062723c751e8b465ee728b)
Start importing Assets/Sprites 1/Pared.PNG using Guid(5f60ba46e7f409243813fed927b7bace) Importer(815301076,1909f56bfc062723c751e8b465ee728b)  -> (artifact id: '1b551a418418eea6403063607e0702da') in 0.016818 seconds 
========================================================================
Received Import Request.
  Time since last request: 0.000021 seconds.
  path: Assets/Sprites 1/CofreMal.png
  artifactKey: Guid(f43dcbcf0378035439cca0c66fb59d09) Importer(815301076,1909f56bfc062723c751e8b465ee728b)
Start importing Assets/Sprites 1/CofreMal.png using Guid(f43dcbcf0378035439cca0c66fb59d09) Importer(815301076,1909f56bfc062723c751e8b465ee728b)  -> (artifact id: '2e33a1c4731a578dfd6038e1e3a2a28e') in 0.017118 seconds 
========================================================================
Received Import Request.
  Time since last request: 16.479357 seconds.
  path: Assets/Sprites/Pared-1.png (1).png
  artifactKey: Guid(606f8dbd74369cc4eb6960b6536a9034) Importer(815301076,1909f56bfc062723c751e8b465ee728b)
Start importing Assets/Sprites/Pared-1.png (1).png using Guid(606f8dbd74369cc4eb6960b6536a9034) Importer(815301076,1909f56bfc062723c751e8b465ee728b)  -> (artifact id: 'a3883b8265483055b14c3f287a72b95e') in 0.019643 seconds 
========================================================================
Received Import Request.
  Time since last request: 0.000017 seconds.
  path: Assets/Sprites/Pared.PNG
  artifactKey: Guid(c65f220c8d9dfe44aaa76a8e263b038f) Importer(815301076,1909f56bfc062723c751e8b465ee728b)
Start importing Assets/Sprites/Pared.PNG using Guid(c65f220c8d9dfe44aaa76a8e263b038f) Importer(815301076,1909f56bfc062723c751e8b465ee728b)  -> (artifact id: 'c2d5d2a78d0282b84147d469f4b308e2') in 0.022498 seconds 
========================================================================
Received Import Request.
  Time since last request: 0.000040 seconds.
  path: Assets/Sprites/Pared-1.png.png
  artifactKey: Guid(903ed11b2237ef04da162884936b4d28) Importer(815301076,1909f56bfc062723c751e8b465ee728b)
Start importing Assets/Sprites/Pared-1.png.png using Guid(903ed11b2237ef04da162884936b4d28) Importer(815301076,1909f56bfc062723c751e8b465ee728b)  -> (artifact id: '99ea69295823fc57f66bfb69b4c6d53e') in 0.020968 seconds 
========================================================================
Received Import Request.
  Time since last request: 0.000032 seconds.
  path: Assets/Sprites/Pared-1.png (6).png
  artifactKey: Guid(e3b7f7229d5558047b4072d42b51a38b) Importer(815301076,1909f56bfc062723c751e8b465ee728b)
Start importing Assets/Sprites/Pared-1.png (6).png using Guid(e3b7f7229d5558047b4072d42b51a38b) Importer(815301076,1909f56bfc062723c751e8b465ee728b)  -> (artifact id: 'f33d0e4b0fbad1173c40430c361c1d11') in 0.017540 seconds 
========================================================================
Received Import Request.
  Time since last request: 0.000059 seconds.
  path: Assets/Sprites/Pared-1.png (4).png
  artifactKey: Guid(28678c06f33de944eaa671d8ad94e8df) Importer(815301076,1909f56bfc062723c751e8b465ee728b)
Start importing Assets/Sprites/Pared-1.png (4).png using Guid(28678c06f33de944eaa671d8ad94e8df) Importer(815301076,1909f56bfc062723c751e8b465ee728b)  -> (artifact id: '048cf76739717d4c308000d0a106de35') in 0.018762 seconds 
