Using pre-set license
Built from '2021.3/staging' branch; Version is '2021.3.19f1 (c9714fde33b6) revision 13201743'; Using compiler version '192829333'; Build Type 'Release'
OS: 'Windows 11  (10.0.22000) 64bit Professional' Language: 'es' Physical Memory: 32683 MB
BatchMode: 1, IsHumanControllingUs: 0, StartBugReporterOnCrash: 0, Is64bit: 1, IsPro: 1

COMMAND LINE ARGUMENTS:
C:\Program Files\Unity\Hub\Editor\2021.3.19f1\Editor\Unity.exe
-adb2
-batchMode
-noUpm
-name
AssetImportWorker0
-projectPath
D:/git/Eric/Unity/TheBindingOfEric
-logFile
Logs/AssetImportWorker0.log
-srvPort
62220
Successfully changed project path to: D:/git/Eric/Unity/TheBindingOfEric
D:/git/Eric/Unity/TheBindingOfEric
[UnityMemory] Configuration Parameters - Can be set up in boot.config
    "memorysetup-bucket-allocator-granularity=16"
    "memorysetup-bucket-allocator-bucket-count=8"
    "memorysetup-bucket-allocator-block-size=33554432"
    "memorysetup-bucket-allocator-block-count=8"
    "memorysetup-main-allocator-block-size=16777216"
    "memorysetup-thread-allocator-block-size=16777216"
    "memorysetup-gfx-main-allocator-block-size=16777216"
    "memorysetup-gfx-thread-allocator-block-size=16777216"
    "memorysetup-cache-allocator-block-size=4194304"
    "memorysetup-typetree-allocator-block-size=2097152"
    "memorysetup-profiler-bucket-allocator-granularity=16"
    "memorysetup-profiler-bucket-allocator-bucket-count=8"
    "memorysetup-profiler-bucket-allocator-block-size=33554432"
    "memorysetup-profiler-bucket-allocator-block-count=8"
    "memorysetup-profiler-allocator-block-size=16777216"
    "memorysetup-profiler-editor-allocator-block-size=1048576"
    "memorysetup-temp-allocator-size-main=16777216"
    "memorysetup-job-temp-allocator-block-size=2097152"
    "memorysetup-job-temp-allocator-block-size-background=1048576"
    "memorysetup-job-temp-allocator-reduction-small-platforms=262144"
    "memorysetup-temp-allocator-size-background-worker=32768"
    "memorysetup-temp-allocator-size-job-worker=262144"
    "memorysetup-temp-allocator-size-preload-manager=33554432"
    "memorysetup-temp-allocator-size-nav-mesh-worker=65536"
    "memorysetup-temp-allocator-size-audio-worker=65536"
    "memorysetup-temp-allocator-size-cloud-worker=32768"
    "memorysetup-temp-allocator-size-gi-baking-worker=262144"
    "memorysetup-temp-allocator-size-gfx=262144"
Player connection [12144] Host "[IP] 192.168.1.74 [Port] 0 [Flags] 2 [Guid] 248607811 [EditorId] 248607811 [Version] 1048832 [Id] WindowsEditor(7,Pc_De_Eric) [Debug] 1 [PackageName] WindowsEditor [ProjectName] Editor" joined multi-casting on [225.0.0.222:54997]...

Player connection [12144] Host "[IP] 192.168.1.74 [Port] 0 [Flags] 2 [Guid] 248607811 [EditorId] 248607811 [Version] 1048832 [Id] WindowsEditor(7,Pc_De_Eric) [Debug] 1 [PackageName] WindowsEditor [ProjectName] Editor" joined alternative multi-casting on [225.0.0.222:34997]...

Refreshing native plugins compatible for Editor in 59.64 ms, found 4 plugins.
Preloading 0 native plugins for Editor in 0.00 ms.
Initialize engine version: 2021.3.19f1 (c9714fde33b6)
[Subsystems] Discovering subsystems at path C:/Program Files/Unity/Hub/Editor/2021.3.19f1/Editor/Data/Resources/UnitySubsystems
[Subsystems] Discovering subsystems at path D:/git/Eric/Unity/TheBindingOfEric/Assets
GfxDevice: creating device client; threaded=0; jobified=0
Direct3D:
    Version:  Direct3D 11.0 [level 11.1]
    Renderer: NVIDIA GeForce RTX 3060 (ID=0x2504)
    Vendor:   NVIDIA
    VRAM:     12129 MB
    Driver:   31.0.15.2737
Initialize mono
Mono path[0] = 'C:/Program Files/Unity/Hub/Editor/2021.3.19f1/Editor/Data/Managed'
Mono path[1] = 'C:/Program Files/Unity/Hub/Editor/2021.3.19f1/Editor/Data/MonoBleedingEdge/lib/mono/unityjit-win32'
Mono config path = 'C:/Program Files/Unity/Hub/Editor/2021.3.19f1/Editor/Data/MonoBleedingEdge/etc'
Using monoOptions --debugger-agent=transport=dt_socket,embedding=1,server=y,suspend=n,address=127.0.0.1:56636
Begin MonoManager ReloadAssembly
Registering precompiled unity dll's ...
Register platform support module: C:/Program Files/Unity/Hub/Editor/2021.3.19f1/Editor/Data/PlaybackEngines/WindowsStandaloneSupport/UnityEditor.WindowsStandalone.Extensions.dll
Registered in 0.003325 seconds.
Native extension for WindowsStandalone target not found
Refreshing native plugins compatible for Editor in 57.88 ms, found 4 plugins.
Preloading 0 native plugins for Editor in 0.00 ms.
Mono: successfully reloaded assembly
- Completed reload, in  0.436 seconds
Domain Reload Profiling:
	ReloadAssembly (436ms)
		BeginReloadAssembly (49ms)
			ExecutionOrderSort (0ms)
			DisableScriptedObjects (0ms)
			BackupInstance (0ms)
			ReleaseScriptingObjects (0ms)
			CreateAndSetChildDomain (1ms)
		EndReloadAssembly (313ms)
			LoadAssemblies (47ms)
			RebuildTransferFunctionScriptingTraits (0ms)
			SetupTypeCache (65ms)
			ReleaseScriptCaches (0ms)
			RebuildScriptCaches (17ms)
			SetupLoadedEditorAssemblies (195ms)
				LogAssemblyErrors (0ms)
				InitializePlatformSupportModulesInManaged (5ms)
				SetLoadedEditorAssemblies (0ms)
				RefreshPlugins (58ms)
				BeforeProcessingInitializeOnLoad (1ms)
				ProcessInitializeOnLoadAttributes (97ms)
				ProcessInitializeOnLoadMethodAttributes (35ms)
				AfterProcessingInitializeOnLoad (0ms)
				EditorAssembliesLoaded (0ms)
			ExecutionOrderSort2 (0ms)
			AwakeInstancesAfterBackupRestoration (0ms)
Platform modules already initialized, skipping
Registering precompiled user dll's ...
Registered in 0.004448 seconds.
Begin MonoManager ReloadAssembly
Symbol file LoadedFromMemory doesn't match image D:\git\Eric\Unity\TheBindingOfEric\Library\PackageCache\com.unity.visualscripting@1.8.0\Editor\VisualScripting.Core\Dependencies\YamlDotNet\Unity.VisualScripting.YamlDotNet.dll
Symbol file LoadedFromMemory doesn't match image D:\git\Eric\Unity\TheBindingOfEric\Library\PackageCache\com.unity.visualscripting@1.8.0\Editor\VisualScripting.Core\Dependencies\DotNetZip\Unity.VisualScripting.IonicZip.dll
Native extension for WindowsStandalone target not found
Refreshing native plugins compatible for Editor in 79.20 ms, found 4 plugins.
Preloading 0 native plugins for Editor in 0.00 ms.
Mono: successfully reloaded assembly
- Completed reload, in  0.786 seconds
Domain Reload Profiling:
	ReloadAssembly (787ms)
		BeginReloadAssembly (74ms)
			ExecutionOrderSort (0ms)
			DisableScriptedObjects (4ms)
			BackupInstance (0ms)
			ReleaseScriptingObjects (0ms)
			CreateAndSetChildDomain (14ms)
		EndReloadAssembly (635ms)
			LoadAssemblies (56ms)
			RebuildTransferFunctionScriptingTraits (0ms)
			SetupTypeCache (145ms)
			ReleaseScriptCaches (0ms)
			RebuildScriptCaches (34ms)
			SetupLoadedEditorAssemblies (363ms)
				LogAssemblyErrors (0ms)
				InitializePlatformSupportModulesInManaged (4ms)
				SetLoadedEditorAssemblies (0ms)
				RefreshPlugins (79ms)
				BeforeProcessingInitializeOnLoad (61ms)
				ProcessInitializeOnLoadAttributes (183ms)
				ProcessInitializeOnLoadMethodAttributes (29ms)
				AfterProcessingInitializeOnLoad (6ms)
				EditorAssembliesLoaded (0ms)
			ExecutionOrderSort2 (0ms)
			AwakeInstancesAfterBackupRestoration (5ms)
Platform modules already initialized, skipping
========================================================================
Worker process is ready to serve import requests
Launched and connected shader compiler UnityShaderCompiler.exe after 0.04 seconds
Refreshing native plugins compatible for Editor in 1.20 ms, found 4 plugins.
Preloading 0 native plugins for Editor in 0.00 ms.
Unloading 3736 Unused Serialized files (Serialized files now loaded: 0)
Unloading 35 unused Assets / (56.1 KB). Loaded Objects now: 4195.
Memory consumption went from 142.5 MB to 142.5 MB.
Total: 6.735700 ms (FindLiveObjects: 0.643100 ms CreateObjectMapping: 0.350900 ms MarkObjects: 5.626500 ms  DeleteObjects: 0.114200 ms)

AssetImportParameters requested are different than current active one (requested -> active):
  custom:video-decoder-ogg-theora: a1e56fd34408186e4bbccfd4996cb3dc -> 
  custom:container-muxer-webm: aa71ff27fc2769a1b78a27578f13a17b -> 
  custom:container-demuxer-webm: 4f35f7cbe854078d1ac9338744f61a02 -> 
  custom:video-encoder-webm-vp8: eb34c28f22e8b96e1ab97ce403110664 -> 
  custom:video-codec-MediaFoundation-h265: 746d11721c4dcdbdad8f713fa42b33f4 -> 
  custom:audio-encoder-webm-vorbis: bf7c407c2cedff20999df2af8eb42d56 -> 
  custom:framework-win-MediaFoundation: 216162199b28c13a410421893ffa2e32 -> 
  custom:container-demuxer-ogg: 62fdf1f143b41e24485cea50d1cbac27 -> 
  custom:video-decoder-webm-vp8: 9c59270c3fd7afecdb556c50c9e8de78 -> 
  custom:audio-decoder-ogg-vorbis: bf7c407c2cedff20999df2af8eb42d56 -> 
========================================================================
Received Import Request.
  Time since last request: 1760.596130 seconds.
  path: Assets/Sprites/Disparo 1.png
  artifactKey: Guid(6037dd5aa2e417f4bbe4c54afa3a0a50) Importer(815301076,1909f56bfc062723c751e8b465ee728b)
Start importing Assets/Sprites/Disparo 1.png using Guid(6037dd5aa2e417f4bbe4c54afa3a0a50) Importer(815301076,1909f56bfc062723c751e8b465ee728b)  -> (artifact id: '51ebc58065e65f733b8063dcc9161057') in 0.093303 seconds 
========================================================================
Received Import Request.
  Time since last request: 0.000015 seconds.
  path: Assets/Sprites/spritesheet.png
  artifactKey: Guid(ffaaf186e0eb014419231da85ddf00bc) Importer(815301076,1909f56bfc062723c751e8b465ee728b)
Start importing Assets/Sprites/spritesheet.png using Guid(ffaaf186e0eb014419231da85ddf00bc) Importer(815301076,1909f56bfc062723c751e8b465ee728b)  -> (artifact id: '6999cb02c6abd48d12024e57519eebea') in 0.163382 seconds 
========================================================================
Received Import Request.
  Time since last request: 0.000018 seconds.
  path: Assets/Sprites/wall 1.png
  artifactKey: Guid(c96e59b5fc41b774fb2b36be2238de9b) Importer(815301076,1909f56bfc062723c751e8b465ee728b)
Start importing Assets/Sprites/wall 1.png using Guid(c96e59b5fc41b774fb2b36be2238de9b) Importer(815301076,1909f56bfc062723c751e8b465ee728b)  -> (artifact id: '7ed491a3a35a4178e9aa3642fc97202f') in 0.009074 seconds 
========================================================================
Received Import Request.
  Time since last request: 0.000018 seconds.
  path: Assets/Sprites/wall.png
  artifactKey: Guid(820dbec684d149a4ca135e3bf9d290bd) Importer(815301076,1909f56bfc062723c751e8b465ee728b)
Start importing Assets/Sprites/wall.png using Guid(820dbec684d149a4ca135e3bf9d290bd) Importer(815301076,1909f56bfc062723c751e8b465ee728b)  -> (artifact id: '3fe0c2fb0c4a45f41c6d8431b9b87076') in 0.009922 seconds 
========================================================================
Received Import Request.
  Time since last request: 0.000012 seconds.
  path: Assets/Sprites/CofreMal - copia.png
  artifactKey: Guid(5fa20e80e743d4b4398f9eba1f1aa912) Importer(815301076,1909f56bfc062723c751e8b465ee728b)
Start importing Assets/Sprites/CofreMal - copia.png using Guid(5fa20e80e743d4b4398f9eba1f1aa912) Importer(815301076,1909f56bfc062723c751e8b465ee728b)  -> (artifact id: '385fda5f84226fdd0a354eb5557dcd51') in 0.014427 seconds 
========================================================================
Received Import Request.
  Time since last request: 0.000013 seconds.
  path: Assets/Sprites/Pared-1.png (8).png
  artifactKey: Guid(a57fc0735c0dd674d9808bd45e5b4559) Importer(815301076,1909f56bfc062723c751e8b465ee728b)
Start importing Assets/Sprites/Pared-1.png (8).png using Guid(a57fc0735c0dd674d9808bd45e5b4559) Importer(815301076,1909f56bfc062723c751e8b465ee728b)  -> (artifact id: '174b08d47329a45631193c76caa762d6') in 0.012470 seconds 
========================================================================
Received Import Request.
  Time since last request: 0.000013 seconds.
  path: Assets/Sprites/New Piskel.gif
  artifactKey: Guid(48eaac74b4b851e40b31b254e654613e) Importer(815301076,1909f56bfc062723c751e8b465ee728b)
Start importing Assets/Sprites/New Piskel.gif using Guid(48eaac74b4b851e40b31b254e654613e) Importer(815301076,1909f56bfc062723c751e8b465ee728b)  -> (artifact id: '291ba1ad041f15a81bde6471281ac583') in 0.011554 seconds 
========================================================================
Received Import Request.
  Time since last request: 0.000018 seconds.
  path: Assets/Sprites/Disparo.png
  artifactKey: Guid(1f3db16da77b25549b4fcb884fd5aecc) Importer(815301076,1909f56bfc062723c751e8b465ee728b)
Start importing Assets/Sprites/Disparo.png using Guid(1f3db16da77b25549b4fcb884fd5aecc) Importer(815301076,1909f56bfc062723c751e8b465ee728b)  -> (artifact id: '898f5a57b2092d3f68c192eabb6216a1') in 0.010724 seconds 
========================================================================
Received Import Request.
  Time since last request: 0.000015 seconds.
  path: Assets/Sprites/Pared-1.png (7).png
  artifactKey: Guid(76eacf73d3d5f6c4d9cf7485fb3ad912) Importer(815301076,1909f56bfc062723c751e8b465ee728b)
Start importing Assets/Sprites/Pared-1.png (7).png using Guid(76eacf73d3d5f6c4d9cf7485fb3ad912) Importer(815301076,1909f56bfc062723c751e8b465ee728b)  -> (artifact id: '12731a39c1d0a9b681715dd28f9047f7') in 0.012235 seconds 
========================================================================
Received Import Request.
  Time since last request: 0.000017 seconds.
  path: Assets/Sprites/Pared-1.png (4).png
  artifactKey: Guid(28678c06f33de944eaa671d8ad94e8df) Importer(815301076,1909f56bfc062723c751e8b465ee728b)
Start importing Assets/Sprites/Pared-1.png (4).png using Guid(28678c06f33de944eaa671d8ad94e8df) Importer(815301076,1909f56bfc062723c751e8b465ee728b)  -> (artifact id: '8f731a2266613d9beb44d4413963c99a') in 0.014922 seconds 
========================================================================
Received Import Request.
  Time since last request: 0.000013 seconds.
  path: Assets/Sprites/Pared-1.png (5).png
  artifactKey: Guid(138415dceb987af4099dcdb3745ded13) Importer(815301076,1909f56bfc062723c751e8b465ee728b)
Start importing Assets/Sprites/Pared-1.png (5).png using Guid(138415dceb987af4099dcdb3745ded13) Importer(815301076,1909f56bfc062723c751e8b465ee728b)  -> (artifact id: 'ee3ef32c9c68ae548be832f82f6fac1a') in 0.011610 seconds 
