------------------------------------------------------------------------------------------------------------------------

[2023-01-09 19:18:56 #1 store] 
Database 'D:\Documentos\DAM2_DUAL\Workspace\Acceso a datos\UD4\UD1 - Ejemplos ObjectDB [Eclipse Java]\data\campeonato.odb' is opened by 3172@PC10

[2023-01-09 19:18:56 #2 store] 
Configuration path: ?

[2023-01-09 19:18:56 #3 type] 
Type modelo.Jugador is not enhanced.

[2023-01-09 19:18:56 #4 type] 
Type modelo.Equipo is not enhanced.

[2023-01-09 19:18:56 #5 type] 
Type modelo.Partido is not enhanced.

[2023-01-09 19:18:56 #6 store] 
Database 'D:\Documentos\DAM2_DUAL\Workspace\Acceso a datos\UD4\UD1 - Ejemplos ObjectDB [Eclipse Java]\data\campeonato.odb' is closed by 3172@PC10

------------------------------------------------------------------------------------------------------------------------

[2023-01-09 20:07:46 #1 store] 
Database 'D:\Documentos\DAM2_DUAL\Workspace\Acceso a datos\UD4\UD1 - Ejemplos ObjectDB [Eclipse Java]\data\campeonato.odb' is opened by 148@PC10

[2023-01-09 20:07:46 #2 store] 
Configuration path: ?

[2023-01-09 20:07:46 #3 type] 
Type modelo.Jugador is not enhanced.

[2023-01-09 20:07:46 #4 type] 
Type modelo.Equipo is not enhanced.

[2023-01-09 20:07:46 #5 type] 
Type modelo.Partido is not enhanced.

------------------------------------------------------------------------------------------------------------------------

[2023-01-09 20:08:04 #1 store] 
Database 'D:\Documentos\DAM2_DUAL\Workspace\Acceso a datos\UD4\UD1 - Ejemplos ObjectDB [Eclipse Java]\data\campeonato.odb' is opened by 2688@PC10

[2023-01-09 20:08:04 #2 store] 
Configuration path: ?

[2023-01-09 20:08:04 #3 type] 
Type modelo.Jugador is not enhanced.

[2023-01-09 20:08:04 #4 type] 
Type modelo.Equipo is not enhanced.

[2023-01-09 20:08:04 #5 type] 
Type modelo.Partido is not enhanced.

------------------------------------------------------------------------------------------------------------------------

[2023-01-09 20:08:59 #1 store] 
Database 'D:\Documentos\DAM2_DUAL\Workspace\Acceso a datos\UD4\UD1 - Ejemplos ObjectDB [Eclipse Java]\data\campeonato.odb' is opened by 8388@PC10

[2023-01-09 20:08:59 #2 store] 
Configuration path: ?

[2023-01-09 20:08:59 #3 type] 
Type modelo.Jugador is not enhanced.

[2023-01-09 20:08:59 #4 type] 
Type modelo.Equipo is not enhanced.

[2023-01-09 20:08:59 #5 type] 
Type modelo.Partido is not enhanced.

------------------------------------------------------------------------------------------------------------------------

[2023-01-09 20:09:12 #1 store] 
Database 'D:\Documentos\DAM2_DUAL\Workspace\Acceso a datos\UD4\UD1 - Ejemplos ObjectDB [Eclipse Java]\data\campeonato.odb' is opened by 8856@PC10

[2023-01-09 20:09:12 #2 store] 
Configuration path: ?

[2023-01-09 20:09:12 #3 type] 
Type modelo.Jugador is not enhanced.

[2023-01-09 20:09:12 #4 type] 
Type modelo.Equipo is not enhanced.

[2023-01-09 20:09:12 #5 type] 
Type modelo.Partido is not enhanced.

