------------------------------------------------------------------------------------------------------------------------

[2023-01-23 19:40:52 #1 store] 
Database 'C:\Users\alu\Desktop\Eric\Eric\ADE\Examenes\AD_2evbdo_SierraCebrianEric\data\fichajes.odb' is opened by 2344@PC13

[2023-01-23 19:40:52 #2 store] 
Configuration path: ?

[2023-01-23 19:40:52 #3 type] 
Type modelo.Departamento is not enhanced.

[2023-01-23 19:40:52 #4 type] 
Type modelo.Empleado is not enhanced.

[2023-01-23 19:40:52 #5 type] 
Type modelo.Fecha is not enhanced.

[2023-01-23 19:40:52 #6 type] 
Type modelo.Fichaje is not enhanced.

[2023-01-23 19:40:52 #7 type] 
Type modelo.Tiempo is not enhanced.

[2023-01-23 19:40:52 #8 store] 
Database 'C:\Users\alu\Desktop\Eric\Eric\ADE\Examenes\AD_2evbdo_SierraCebrianEric\data\fichajes.odb' is closed by 2344@PC13

------------------------------------------------------------------------------------------------------------------------

[2023-01-23 20:27:00 #1 store] 
Database 'C:\Users\alu\Desktop\Eric\Eric\ADE\Examenes\AD_2evbdo_SierraCebrianEric\data\fichajes.odb' is opened by 1976@PC13

[2023-01-23 20:27:00 #2 store] 
Configuration path: ?

[2023-01-23 20:27:00 #3 type] 
Type modelo.Departamento is not enhanced.

[2023-01-23 20:27:00 #4 type] 
Type modelo.Empleado is not enhanced.

[2023-01-23 20:27:00 #5 type] 
Type modelo.Fecha is not enhanced.

[2023-01-23 20:27:00 #6 type] 
Type modelo.Fichaje is not enhanced.

[2023-01-23 20:27:00 #7 type] 
Type modelo.Tiempo is not enhanced.

[2023-01-23 20:27:00 #8 store] 
Database 'C:\Users\alu\Desktop\Eric\Eric\ADE\Examenes\AD_2evbdo_SierraCebrianEric\data\fichajes.odb' is closed by 1976@PC13

[2023-01-23 20:27:11 #9 store] 
Database 'C:\Users\alu\Desktop\Eric\Eric\ADE\Examenes\AD_2evbdo_SierraCebrianEric\data\fichajes.odb' is opened by 1976@PC13

[2023-01-23 20:27:11 #10 store] 
Configuration path: ?

[2023-01-23 20:27:11 #11 store] 
Database 'C:\Users\alu\Desktop\Eric\Eric\ADE\Examenes\AD_2evbdo_SierraCebrianEric\data\fichajes.odb' is closed by 1976@PC13

[2023-01-23 20:27:11 #12 store] 
Database 'C:\Users\alu\Desktop\Eric\Eric\ADE\Examenes\AD_2evbdo_SierraCebrianEric\data\fichajes.odb' is opened by 1976@PC13

[2023-01-23 20:27:11 #13 store] 
Configuration path: ?

[2023-01-23 20:27:11 #14 store] 
Database 'C:\Users\alu\Desktop\Eric\Eric\ADE\Examenes\AD_2evbdo_SierraCebrianEric\data\fichajes.odb' is closed by 1976@PC13

[2023-01-23 20:27:19 #15 store] 
Database 'C:\Users\alu\Desktop\Eric\Eric\ADE\Examenes\AD_2evbdo_SierraCebrianEric\data\fichajes.odb' is opened by 1976@PC13

[2023-01-23 20:27:19 #16 store] 
Configuration path: ?

[2023-01-23 20:27:19 #17 store] 
Database 'C:\Users\alu\Desktop\Eric\Eric\ADE\Examenes\AD_2evbdo_SierraCebrianEric\data\fichajes.odb' is closed by 1976@PC13

[2023-01-23 20:27:19 #18 store] 
Database 'C:\Users\alu\Desktop\Eric\Eric\ADE\Examenes\AD_2evbdo_SierraCebrianEric\data\fichajes.odb' is opened by 1976@PC13

[2023-01-23 20:27:19 #19 store] 
Configuration path: ?

[2023-01-23 20:27:19 #20 store] 
Database 'C:\Users\alu\Desktop\Eric\Eric\ADE\Examenes\AD_2evbdo_SierraCebrianEric\data\fichajes.odb' is closed by 1976@PC13

[2023-01-23 20:27:24 #21 store] 
Database 'C:\Users\alu\Desktop\Eric\Eric\ADE\Examenes\AD_2evbdo_SierraCebrianEric\data\fichajes.odb' is opened by 1976@PC13

[2023-01-23 20:27:24 #22 store] 
Configuration path: ?

[2023-01-23 20:27:24 #23 store] 
Database 'C:\Users\alu\Desktop\Eric\Eric\ADE\Examenes\AD_2evbdo_SierraCebrianEric\data\fichajes.odb' is closed by 1976@PC13

[2023-01-23 20:27:28 #24 store] 
Database 'C:\Users\alu\Desktop\Eric\Eric\ADE\Examenes\AD_2evbdo_SierraCebrianEric\data\fichajes.odb' is opened by 1976@PC13

[2023-01-23 20:27:28 #25 store] 
Configuration path: ?

[2023-01-23 20:27:28 #26 store] 
Database 'C:\Users\alu\Desktop\Eric\Eric\ADE\Examenes\AD_2evbdo_SierraCebrianEric\data\fichajes.odb' is closed by 1976@PC13

[2023-01-23 20:27:31 #27 store] 
Database 'C:\Users\alu\Desktop\Eric\Eric\ADE\Examenes\AD_2evbdo_SierraCebrianEric\data\fichajes.odb' is opened by 1976@PC13

[2023-01-23 20:27:31 #28 store] 
Configuration path: ?

[2023-01-23 20:27:31 #29 store] 
Database 'C:\Users\alu\Desktop\Eric\Eric\ADE\Examenes\AD_2evbdo_SierraCebrianEric\data\fichajes.odb' is closed by 1976@PC13

[2023-01-23 20:27:31 #30 store] 
Database 'C:\Users\alu\Desktop\Eric\Eric\ADE\Examenes\AD_2evbdo_SierraCebrianEric\data\fichajes.odb' is opened by 1976@PC13

[2023-01-23 20:27:31 #31 store] 
Configuration path: ?

[2023-01-23 20:27:31 #32 store] 
Database 'C:\Users\alu\Desktop\Eric\Eric\ADE\Examenes\AD_2evbdo_SierraCebrianEric\data\fichajes.odb' is closed by 1976@PC13

[2023-01-23 20:27:46 #33 store] 
Database 'C:\Users\alu\Desktop\Eric\Eric\ADE\Examenes\AD_2evbdo_SierraCebrianEric\data\fichajes.odb' is opened by 1976@PC13

[2023-01-23 20:27:46 #34 store] 
Configuration path: ?

[2023-01-23 20:27:46 #35 store] 
Database 'C:\Users\alu\Desktop\Eric\Eric\ADE\Examenes\AD_2evbdo_SierraCebrianEric\data\fichajes.odb' is closed by 1976@PC13

------------------------------------------------------------------------------------------------------------------------

[2023-01-23 20:28:11 #1 store] 
Database 'C:\Users\alu\Desktop\Eric\Eric\ADE\Examenes\AD_2evbdo_SierraCebrianEric\data\fichajes.odb' is opened by 6820@PC13

[2023-01-23 20:28:11 #2 store] 
Configuration path: ?

[2023-01-23 20:28:11 #3 type] 
Type modelo.Departamento is not enhanced.

[2023-01-23 20:28:11 #4 type] 
Type modelo.Empleado is not enhanced.

[2023-01-23 20:28:11 #5 type] 
Type modelo.Fecha is not enhanced.

[2023-01-23 20:28:11 #6 type] 
Type modelo.Fichaje is not enhanced.

[2023-01-23 20:28:11 #7 type] 
Type modelo.Tiempo is not enhanced.

[2023-01-23 20:28:11 #8 store] 
Database 'C:\Users\alu\Desktop\Eric\Eric\ADE\Examenes\AD_2evbdo_SierraCebrianEric\data\fichajes.odb' is closed by 6820@PC13

[2023-01-23 20:28:11 #9 store] 
Database 'C:\Users\alu\Desktop\Eric\Eric\ADE\Examenes\AD_2evbdo_SierraCebrianEric\data\fichajes.odb' is opened by 6820@PC13

[2023-01-23 20:28:11 #10 store] 
Configuration path: ?

[2023-01-23 20:28:11 #11 store] 
Database 'C:\Users\alu\Desktop\Eric\Eric\ADE\Examenes\AD_2evbdo_SierraCebrianEric\data\fichajes.odb' is closed by 6820@PC13

[2023-01-23 20:28:15 #12 store] 
Database 'C:\Users\alu\Desktop\Eric\Eric\ADE\Examenes\AD_2evbdo_SierraCebrianEric\data\fichajes.odb' is opened by 6820@PC13

[2023-01-23 20:28:15 #13 store] 
Configuration path: ?

[2023-01-23 20:28:15 #14 store] 
Database 'C:\Users\alu\Desktop\Eric\Eric\ADE\Examenes\AD_2evbdo_SierraCebrianEric\data\fichajes.odb' is closed by 6820@PC13

