------------------------------------------------------------------------------------------------------------------------

[2023-01-15 20:44:22 #1 store] 
Database 'B:\DAM2_DUAL\Workspace\Acceso a datos\UD4\Prueba\data\campeonato.odb' is opened by 26216@DESKTOP-P54BT70

[2023-01-15 20:44:22 #2 store] 
Configuration path: ?

[2023-01-15 20:44:22 #3 type] 
Type modelo.Jugador is not enhanced.

[2023-01-15 20:44:22 #4 type] 
Type modelo.Fecha is not enhanced.

[2023-01-15 20:44:22 #5 type] 
Type modelo.Equipo is not enhanced.

[2023-01-15 20:44:22 #6 type] 
Type modelo.Partido is not enhanced.

[2023-01-15 20:44:22 #7 type] 
Type modelo.Resultado is not enhanced.

[2023-01-15 20:44:22 #8 store] 
Database 'B:\DAM2_DUAL\Workspace\Acceso a datos\UD4\Prueba\data\campeonato.odb' is closed by 26216@DESKTOP-P54BT70

[2023-01-15 20:44:27 #9 store] 
Database 'B:\DAM2_DUAL\Workspace\Acceso a datos\UD4\Prueba\data\campeonato.odb' is opened by 26216@DESKTOP-P54BT70

[2023-01-15 20:44:27 #10 store] 
Configuration path: ?

[2023-01-15 20:44:27 #11 store] 
Database 'B:\DAM2_DUAL\Workspace\Acceso a datos\UD4\Prueba\data\campeonato.odb' is closed by 26216@DESKTOP-P54BT70

------------------------------------------------------------------------------------------------------------------------

[2023-01-15 21:33:41 #1 store] 
Database 'B:\DAM2_DUAL\Workspace\Acceso a datos\UD4\Prueba\data\campeonato.odb' is opened by 2060@DESKTOP-P54BT70

[2023-01-15 21:33:41 #2 store] 
Configuration path: ?

[2023-01-15 21:33:42 #3 type] 
Type modelo.Jugador is not enhanced.

[2023-01-15 21:33:42 #4 type] 
Type modelo.Fecha is not enhanced.

[2023-01-15 21:33:42 #5 type] 
Type modelo.Equipo is not enhanced.

[2023-01-15 21:33:42 #6 type] 
Type modelo.Partido is not enhanced.

[2023-01-15 21:33:42 #7 type] 
Type modelo.Resultado is not enhanced.

[2023-01-15 21:33:42 #8 store] 
Database 'B:\DAM2_DUAL\Workspace\Acceso a datos\UD4\Prueba\data\campeonato.odb' is closed by 2060@DESKTOP-P54BT70

[2023-01-15 21:33:52 #9 store] 
Database 'B:\DAM2_DUAL\Workspace\Acceso a datos\UD4\Prueba\data\campeonato.odb' is opened by 2060@DESKTOP-P54BT70

[2023-01-15 21:33:52 #10 store] 
Configuration path: ?

[2023-01-15 21:33:52 #11 store] 
Database 'B:\DAM2_DUAL\Workspace\Acceso a datos\UD4\Prueba\data\campeonato.odb' is closed by 2060@DESKTOP-P54BT70

[2023-01-15 21:33:52 #12 store] 
Database 'B:\DAM2_DUAL\Workspace\Acceso a datos\UD4\Prueba\data\campeonato.odb' is opened by 2060@DESKTOP-P54BT70

[2023-01-15 21:33:52 #13 store] 
Configuration path: ?

[2023-01-15 21:33:52 #14 store] 
Database 'B:\DAM2_DUAL\Workspace\Acceso a datos\UD4\Prueba\data\campeonato.odb' is closed by 2060@DESKTOP-P54BT70

------------------------------------------------------------------------------------------------------------------------

[2023-01-15 21:34:27 #1 store] 
Database 'B:\DAM2_DUAL\Workspace\Acceso a datos\UD4\Prueba\data\campeonato.odb' is opened by 15540@DESKTOP-P54BT70

[2023-01-15 21:34:27 #2 store] 
Configuration path: ?

[2023-01-15 21:34:27 #3 type] 
Type modelo.Jugador is not enhanced.

[2023-01-15 21:34:27 #4 type] 
Type modelo.Fecha is not enhanced.

[2023-01-15 21:34:27 #5 type] 
Type modelo.Equipo is not enhanced.

[2023-01-15 21:34:27 #6 type] 
Type modelo.Partido is not enhanced.

[2023-01-15 21:34:27 #7 type] 
Type modelo.Resultado is not enhanced.

[2023-01-15 21:34:27 #8 store] 
Database 'B:\DAM2_DUAL\Workspace\Acceso a datos\UD4\Prueba\data\campeonato.odb' is closed by 15540@DESKTOP-P54BT70

[2023-01-15 21:34:27 #9 store] 
Database 'B:\DAM2_DUAL\Workspace\Acceso a datos\UD4\Prueba\data\campeonato.odb' is opened by 15540@DESKTOP-P54BT70

[2023-01-15 21:34:27 #10 store] 
Configuration path: ?

[2023-01-15 21:34:27 #11 store] 
Database 'B:\DAM2_DUAL\Workspace\Acceso a datos\UD4\Prueba\data\campeonato.odb' is closed by 15540@DESKTOP-P54BT70

------------------------------------------------------------------------------------------------------------------------

[2023-01-15 21:39:08 #1 store] 
Database 'B:\DAM2_DUAL\Workspace\Acceso a datos\UD4\Prueba\data\campeonato.odb' is opened by 18708@DESKTOP-P54BT70

[2023-01-15 21:39:08 #2 store] 
Configuration path: ?

[2023-01-15 21:39:08 #3 type] 
Type modelo.Jugador is not enhanced.

[2023-01-15 21:39:08 #4 type] 
Type modelo.Fecha is not enhanced.

[2023-01-15 21:39:08 #5 type] 
Type modelo.Equipo is not enhanced.

[2023-01-15 21:39:08 #6 type] 
Type modelo.Partido is not enhanced.

[2023-01-15 21:39:08 #7 type] 
Type modelo.Resultado is not enhanced.

[2023-01-15 21:39:08 #8 store] 
Database 'B:\DAM2_DUAL\Workspace\Acceso a datos\UD4\Prueba\data\campeonato.odb' is closed by 18708@DESKTOP-P54BT70

[2023-01-15 21:39:14 #9 store] 
Database 'B:\DAM2_DUAL\Workspace\Acceso a datos\UD4\Prueba\data\campeonato.odb' is opened by 18708@DESKTOP-P54BT70

[2023-01-15 21:39:14 #10 store] 
Configuration path: ?

[2023-01-15 21:39:14 #11 store] 
Database 'B:\DAM2_DUAL\Workspace\Acceso a datos\UD4\Prueba\data\campeonato.odb' is closed by 18708@DESKTOP-P54BT70

------------------------------------------------------------------------------------------------------------------------

[2023-01-15 21:41:04 #1 store] 
Database 'B:\DAM2_DUAL\Workspace\Acceso a datos\UD4\Prueba\data\campeonato.odb' is opened by 11120@DESKTOP-P54BT70

[2023-01-15 21:41:04 #2 store] 
Configuration path: ?

[2023-01-15 21:41:04 #3 type] 
Type modelo.Jugador is not enhanced.

[2023-01-15 21:41:04 #4 type] 
Type modelo.Fecha is not enhanced.

[2023-01-15 21:41:04 #5 type] 
Type modelo.Equipo is not enhanced.

[2023-01-15 21:41:04 #6 type] 
Type modelo.Partido is not enhanced.

[2023-01-15 21:41:04 #7 type] 
Type modelo.Resultado is not enhanced.

[2023-01-15 21:41:04 #8 store] 
Database 'B:\DAM2_DUAL\Workspace\Acceso a datos\UD4\Prueba\data\campeonato.odb' is closed by 11120@DESKTOP-P54BT70

------------------------------------------------------------------------------------------------------------------------

[2023-01-15 21:43:26 #1 store] 
Database 'B:\DAM2_DUAL\Workspace\Acceso a datos\UD4\Prueba\data\campeonato.odb' is opened by 3452@DESKTOP-P54BT70

[2023-01-15 21:43:26 #2 store] 
Configuration path: ?

[2023-01-15 21:43:27 #3 type] 
Type modelo.Jugador is not enhanced.

[2023-01-15 21:43:27 #4 type] 
Type modelo.Fecha is not enhanced.

[2023-01-15 21:43:27 #5 type] 
Type modelo.Equipo is not enhanced.

[2023-01-15 21:43:27 #6 type] 
Type modelo.Partido is not enhanced.

[2023-01-15 21:43:27 #7 type] 
Type modelo.Resultado is not enhanced.

[2023-01-15 21:43:27 #8 store] 
Database 'B:\DAM2_DUAL\Workspace\Acceso a datos\UD4\Prueba\data\campeonato.odb' is closed by 3452@DESKTOP-P54BT70

[2023-01-15 21:43:31 #9 store] 
Database 'B:\DAM2_DUAL\Workspace\Acceso a datos\UD4\Prueba\data\campeonato.odb' is opened by 3452@DESKTOP-P54BT70

[2023-01-15 21:43:31 #10 store] 
Configuration path: ?

[2023-01-15 21:43:31 #11 store] 
Database 'B:\DAM2_DUAL\Workspace\Acceso a datos\UD4\Prueba\data\campeonato.odb' is closed by 3452@DESKTOP-P54BT70

------------------------------------------------------------------------------------------------------------------------

[2023-01-15 21:47:16 #1 store] 
Database 'B:\DAM2_DUAL\Workspace\Acceso a datos\UD4\Prueba\data\campeonato.odb' is opened by 20528@DESKTOP-P54BT70

[2023-01-15 21:47:16 #2 store] 
Configuration path: ?

[2023-01-15 21:47:16 #3 type] 
Type modelo.Jugador is not enhanced.

[2023-01-15 21:47:16 #4 type] 
Type modelo.Fecha is not enhanced.

[2023-01-15 21:47:16 #5 type] 
Type modelo.Equipo is not enhanced.

[2023-01-15 21:47:16 #6 type] 
Type modelo.Partido is not enhanced.

[2023-01-15 21:47:16 #7 type] 
Type modelo.Resultado is not enhanced.

[2023-01-15 21:47:16 #8 store] 
Database 'B:\DAM2_DUAL\Workspace\Acceso a datos\UD4\Prueba\data\campeonato.odb' is closed by 20528@DESKTOP-P54BT70

[2023-01-15 21:47:19 #9 store] 
Database 'B:\DAM2_DUAL\Workspace\Acceso a datos\UD4\Prueba\data\campeonato.odb' is opened by 20528@DESKTOP-P54BT70

[2023-01-15 21:47:19 #10 store] 
Configuration path: ?

[2023-01-15 21:47:19 #11 store] 
Database 'B:\DAM2_DUAL\Workspace\Acceso a datos\UD4\Prueba\data\campeonato.odb' is closed by 20528@DESKTOP-P54BT70

[2023-01-15 21:47:22 #12 store] 
Database 'B:\DAM2_DUAL\Workspace\Acceso a datos\UD4\Prueba\data\campeonato.odb' is opened by 20528@DESKTOP-P54BT70

[2023-01-15 21:47:22 #13 store] 
Configuration path: ?

[2023-01-15 21:47:22 #14 store] 
Database 'B:\DAM2_DUAL\Workspace\Acceso a datos\UD4\Prueba\data\campeonato.odb' is closed by 20528@DESKTOP-P54BT70

------------------------------------------------------------------------------------------------------------------------

[2023-01-15 21:59:54 #1 store] 
Database 'B:\DAM2_DUAL\Workspace\Acceso a datos\UD4\Prueba\data\campeonato.odb' is opened by 18084@DESKTOP-P54BT70

[2023-01-15 21:59:54 #2 store] 
Configuration path: ?

[2023-01-15 21:59:54 #3 type] 
Type modelo.Jugador is not enhanced.

[2023-01-15 21:59:54 #4 type] 
Type modelo.Fecha is not enhanced.

[2023-01-15 21:59:54 #5 type] 
Type modelo.Equipo is not enhanced.

[2023-01-15 21:59:54 #6 type] 
Type modelo.Partido is not enhanced.

[2023-01-15 21:59:54 #7 type] 
Type modelo.Resultado is not enhanced.

[2023-01-15 21:59:54 #8 store] 
Database 'B:\DAM2_DUAL\Workspace\Acceso a datos\UD4\Prueba\data\campeonato.odb' is closed by 18084@DESKTOP-P54BT70

[2023-01-15 21:59:55 #9 store] 
Database 'B:\DAM2_DUAL\Workspace\Acceso a datos\UD4\Prueba\data\campeonato.odb' is opened by 18084@DESKTOP-P54BT70

[2023-01-15 21:59:55 #10 store] 
Configuration path: ?

[2023-01-15 21:59:55 #11 store] 
Database 'B:\DAM2_DUAL\Workspace\Acceso a datos\UD4\Prueba\data\campeonato.odb' is closed by 18084@DESKTOP-P54BT70

[2023-01-15 22:01:23 #12 store] 
Database 'B:\DAM2_DUAL\Workspace\Acceso a datos\UD4\Prueba\data\campeonato.odb' is opened by 18084@DESKTOP-P54BT70

[2023-01-15 22:01:23 #13 store] 
Configuration path: ?

[2023-01-15 22:01:23 #14 store] 
Database 'B:\DAM2_DUAL\Workspace\Acceso a datos\UD4\Prueba\data\campeonato.odb' is closed by 18084@DESKTOP-P54BT70

[2023-01-15 22:01:36 #15 store] 
Database 'B:\DAM2_DUAL\Workspace\Acceso a datos\UD4\Prueba\data\campeonato.odb' is opened by 18084@DESKTOP-P54BT70

[2023-01-15 22:01:36 #16 store] 
Configuration path: ?

[2023-01-15 22:01:36 #17 store] 
Database 'B:\DAM2_DUAL\Workspace\Acceso a datos\UD4\Prueba\data\campeonato.odb' is closed by 18084@DESKTOP-P54BT70

[2023-01-15 22:01:37 #18 store] 
Database 'B:\DAM2_DUAL\Workspace\Acceso a datos\UD4\Prueba\data\campeonato.odb' is opened by 18084@DESKTOP-P54BT70

[2023-01-15 22:01:37 #19 store] 
Configuration path: ?

[2023-01-15 22:01:38 #20 store] 
Database 'B:\DAM2_DUAL\Workspace\Acceso a datos\UD4\Prueba\data\campeonato.odb' is closed by 18084@DESKTOP-P54BT70

[2023-01-15 22:01:45 #21 store] 
Database 'B:\DAM2_DUAL\Workspace\Acceso a datos\UD4\Prueba\data\campeonato.odb' is opened by 18084@DESKTOP-P54BT70

[2023-01-15 22:01:45 #22 store] 
Configuration path: ?

[2023-01-15 22:01:45 #23 store] 
Database 'B:\DAM2_DUAL\Workspace\Acceso a datos\UD4\Prueba\data\campeonato.odb' is closed by 18084@DESKTOP-P54BT70

[2023-01-15 22:01:45 #24 store] 
Database 'B:\DAM2_DUAL\Workspace\Acceso a datos\UD4\Prueba\data\campeonato.odb' is opened by 18084@DESKTOP-P54BT70

[2023-01-15 22:01:45 #25 store] 
Configuration path: ?

[2023-01-15 22:01:45 #26 store] 
Database 'B:\DAM2_DUAL\Workspace\Acceso a datos\UD4\Prueba\data\campeonato.odb' is closed by 18084@DESKTOP-P54BT70

[2023-01-15 22:01:46 #27 store] 
Database 'B:\DAM2_DUAL\Workspace\Acceso a datos\UD4\Prueba\data\campeonato.odb' is opened by 18084@DESKTOP-P54BT70

[2023-01-15 22:01:46 #28 store] 
Configuration path: ?

[2023-01-15 22:01:46 #29 store] 
Database 'B:\DAM2_DUAL\Workspace\Acceso a datos\UD4\Prueba\data\campeonato.odb' is closed by 18084@DESKTOP-P54BT70

[2023-01-15 22:01:49 #30 store] 
Database 'B:\DAM2_DUAL\Workspace\Acceso a datos\UD4\Prueba\data\campeonato.odb' is opened by 18084@DESKTOP-P54BT70

[2023-01-15 22:01:49 #31 store] 
Configuration path: ?

[2023-01-15 22:01:49 #32 store] 
Database 'B:\DAM2_DUAL\Workspace\Acceso a datos\UD4\Prueba\data\campeonato.odb' is closed by 18084@DESKTOP-P54BT70

