------------------------------------------------------------------------------------------------------------------------

[2023-01-09 19:43:09 #1 store] 
Database 'D:\Documentos\DAM2_DUAL\Workspace\Acceso a datos\UD4\Prueba\data\campeonato.odb' is opened by 1384@PC10

[2023-01-09 19:43:09 #2 store] 
Configuration path: ?

[2023-01-09 19:43:09 #3 type] 
Type modelo.Jugador is not enhanced.

[2023-01-09 19:43:09 #4 type] 
Type modelo.Equipo is not enhanced.

[2023-01-09 19:43:09 #5 type] 
Type modelo.Partido is not enhanced.

[2023-01-09 19:43:09 #6 type] 
Type modelo.Fecha is not enhanced.

[2023-01-09 19:43:09 #7 type] 
Type modelo.Resultado is not enhanced.

------------------------------------------------------------------------------------------------------------------------

[2023-01-09 19:45:47 #1 store] 
Database 'D:\Documentos\DAM2_DUAL\Workspace\Acceso a datos\UD4\Prueba\data\campeonato.odb' is opened by 3948@PC10

[2023-01-09 19:45:47 #2 store] 
Configuration path: ?

[2023-01-09 19:45:47 #3 type] 
Type modelo.Jugador is not enhanced.

[2023-01-09 19:45:47 #4 type] 
Type modelo.Fecha is not enhanced.

[2023-01-09 19:45:47 #5 type] 
Type modelo.Equipo is not enhanced.

[2023-01-09 19:45:47 #6 type] 
Type modelo.Partido is not enhanced.

[2023-01-09 19:45:47 #7 type] 
Type modelo.Resultado is not enhanced.

[2023-01-09 19:45:47 #8 store] 
Database 'D:\Documentos\DAM2_DUAL\Workspace\Acceso a datos\UD4\Prueba\data\campeonato.odb' is closed by 3948@PC10

------------------------------------------------------------------------------------------------------------------------

[2023-01-09 20:05:14 #1 store] 
Database 'D:\Documentos\DAM2_DUAL\Workspace\Acceso a datos\UD4\Prueba\data\campeonato.odb' is opened by 4256@PC10

[2023-01-09 20:05:14 #2 store] 
Configuration path: ?

[2023-01-09 20:05:14 #3 type] 
Type modelo.Jugador is not enhanced.

[2023-01-09 20:05:14 #4 type] 
Type modelo.Fecha is not enhanced.

[2023-01-09 20:05:14 #5 type] 
Type modelo.Equipo is not enhanced.

[2023-01-09 20:05:14 #6 type] 
Type modelo.Partido is not enhanced.

[2023-01-09 20:05:14 #7 type] 
Type modelo.Resultado is not enhanced.

[2023-01-09 20:05:14 #8 store] 
Database 'D:\Documentos\DAM2_DUAL\Workspace\Acceso a datos\UD4\Prueba\data\campeonato.odb' is closed by 4256@PC10

------------------------------------------------------------------------------------------------------------------------

[2023-01-09 20:07:31 #1 store] 
Database 'D:\Documentos\DAM2_DUAL\Workspace\Acceso a datos\UD4\Prueba\data\campeonato.odb' is opened by 5968@PC10

[2023-01-09 20:07:31 #2 store] 
Configuration path: ?

[2023-01-09 20:07:31 #3 type] 
Type modelo.Jugador is not enhanced.

[2023-01-09 20:07:31 #4 type] 
Type modelo.Fecha is not enhanced.

[2023-01-09 20:07:31 #5 type] 
Type modelo.Equipo is not enhanced.

[2023-01-09 20:07:31 #6 type] 
Type modelo.Partido is not enhanced.

[2023-01-09 20:07:31 #7 type] 
Type modelo.Resultado is not enhanced.

[2023-01-09 20:07:31 #8 store] 
Database 'D:\Documentos\DAM2_DUAL\Workspace\Acceso a datos\UD4\Prueba\data\campeonato.odb' is closed by 5968@PC10

------------------------------------------------------------------------------------------------------------------------

[2023-01-09 20:10:09 #1 store] 
Database 'D:\Documentos\DAM2_DUAL\Workspace\Acceso a datos\UD4\Prueba\data\campeonato.odb' is opened by 6272@PC10

[2023-01-09 20:10:09 #2 store] 
Configuration path: ?

[2023-01-09 20:10:09 #3 type] 
Type modelo.Jugador is not enhanced.

[2023-01-09 20:10:09 #4 type] 
Type modelo.Fecha is not enhanced.

[2023-01-09 20:10:09 #5 type] 
Type modelo.Equipo is not enhanced.

[2023-01-09 20:10:09 #6 type] 
Type modelo.Partido is not enhanced.

[2023-01-09 20:10:09 #7 type] 
Type modelo.Resultado is not enhanced.

[2023-01-09 20:10:09 #8 store] 
Database 'D:\Documentos\DAM2_DUAL\Workspace\Acceso a datos\UD4\Prueba\data\campeonato.odb' is closed by 6272@PC10

------------------------------------------------------------------------------------------------------------------------

[2023-01-09 20:10:23 #1 store] 
Database 'D:\Documentos\DAM2_DUAL\Workspace\Acceso a datos\UD4\Prueba\data\campeonato.odb' is opened by 1984@PC10

[2023-01-09 20:10:23 #2 store] 
Configuration path: ?

[2023-01-09 20:10:23 #3 type] 
Type modelo.Jugador is not enhanced.

[2023-01-09 20:10:23 #4 type] 
Type modelo.Fecha is not enhanced.

[2023-01-09 20:10:23 #5 type] 
Type modelo.Equipo is not enhanced.

[2023-01-09 20:10:23 #6 type] 
Type modelo.Partido is not enhanced.

[2023-01-09 20:10:23 #7 type] 
Type modelo.Resultado is not enhanced.

[2023-01-09 20:10:23 #8 store] 
Database 'D:\Documentos\DAM2_DUAL\Workspace\Acceso a datos\UD4\Prueba\data\campeonato.odb' is closed by 1984@PC10

------------------------------------------------------------------------------------------------------------------------

[2023-01-09 20:11:07 #1 store] 
Database 'D:\Documentos\DAM2_DUAL\Workspace\Acceso a datos\UD4\Prueba\data\campeonato.odb' is opened by 10968@PC10

[2023-01-09 20:11:07 #2 store] 
Configuration path: ?

[2023-01-09 20:11:07 #3 type] 
Type modelo.Jugador is not enhanced.

[2023-01-09 20:11:07 #4 type] 
Type modelo.Fecha is not enhanced.

[2023-01-09 20:11:07 #5 type] 
Type modelo.Equipo is not enhanced.

[2023-01-09 20:11:07 #6 type] 
Type modelo.Partido is not enhanced.

[2023-01-09 20:11:07 #7 type] 
Type modelo.Resultado is not enhanced.

[2023-01-09 20:11:07 #8 store] 
Database 'D:\Documentos\DAM2_DUAL\Workspace\Acceso a datos\UD4\Prueba\data\campeonato.odb' is closed by 10968@PC10

------------------------------------------------------------------------------------------------------------------------

[2023-01-09 20:11:16 #1 store] 
Database 'D:\Documentos\DAM2_DUAL\Workspace\Acceso a datos\UD4\Prueba\data\campeonato.odb' is opened by 10360@PC10

[2023-01-09 20:11:16 #2 store] 
Configuration path: ?

[2023-01-09 20:11:16 #3 type] 
Type modelo.Jugador is not enhanced.

[2023-01-09 20:11:16 #4 type] 
Type modelo.Fecha is not enhanced.

[2023-01-09 20:11:16 #5 type] 
Type modelo.Equipo is not enhanced.

[2023-01-09 20:11:16 #6 type] 
Type modelo.Partido is not enhanced.

[2023-01-09 20:11:16 #7 type] 
Type modelo.Resultado is not enhanced.

[2023-01-09 20:11:16 #8 store] 
Database 'D:\Documentos\DAM2_DUAL\Workspace\Acceso a datos\UD4\Prueba\data\campeonato.odb' is closed by 10360@PC10

------------------------------------------------------------------------------------------------------------------------

[2023-01-09 20:11:21 #1 store] 
Database 'D:\Documentos\DAM2_DUAL\Workspace\Acceso a datos\UD4\Prueba\data\campeonato.odb' is opened by 4928@PC10

[2023-01-09 20:11:21 #2 store] 
Configuration path: ?

[2023-01-09 20:11:21 #3 type] 
Type modelo.Jugador is not enhanced.

[2023-01-09 20:11:21 #4 type] 
Type modelo.Fecha is not enhanced.

[2023-01-09 20:11:21 #5 type] 
Type modelo.Equipo is not enhanced.

[2023-01-09 20:11:21 #6 type] 
Type modelo.Partido is not enhanced.

[2023-01-09 20:11:21 #7 type] 
Type modelo.Resultado is not enhanced.

[2023-01-09 20:11:21 #8 store] 
Database 'D:\Documentos\DAM2_DUAL\Workspace\Acceso a datos\UD4\Prueba\data\campeonato.odb' is closed by 4928@PC10

------------------------------------------------------------------------------------------------------------------------

[2023-01-09 20:15:24 #1 store] 
Database 'D:\Documentos\DAM2_DUAL\Workspace\Acceso a datos\UD4\Prueba\data\campeonato.odb' is opened by 9364@PC10

[2023-01-09 20:15:24 #2 store] 
Configuration path: ?

[2023-01-09 20:15:24 #3 type] 
Type modelo.Jugador is not enhanced.

[2023-01-09 20:15:24 #4 type] 
Type modelo.Fecha is not enhanced.

[2023-01-09 20:15:24 #5 type] 
Type modelo.Equipo is not enhanced.

[2023-01-09 20:15:24 #6 type] 
Type modelo.Partido is not enhanced.

[2023-01-09 20:15:24 #7 type] 
Type modelo.Resultado is not enhanced.

[2023-01-09 20:15:24 #8 store] 
Database 'D:\Documentos\DAM2_DUAL\Workspace\Acceso a datos\UD4\Prueba\data\campeonato.odb' is closed by 9364@PC10

------------------------------------------------------------------------------------------------------------------------

[2023-01-09 20:15:35 #1 store] 
Database 'D:\Documentos\DAM2_DUAL\Workspace\Acceso a datos\UD4\Prueba\data\campeonato.odb' is opened by 3432@PC10

[2023-01-09 20:15:35 #2 store] 
Configuration path: ?

[2023-01-09 20:15:35 #3 type] 
Type modelo.Jugador is not enhanced.

[2023-01-09 20:15:35 #4 type] 
Type modelo.Fecha is not enhanced.

[2023-01-09 20:15:35 #5 type] 
Type modelo.Equipo is not enhanced.

[2023-01-09 20:15:35 #6 type] 
Type modelo.Partido is not enhanced.

[2023-01-09 20:15:35 #7 type] 
Type modelo.Resultado is not enhanced.

[2023-01-09 20:15:35 #8 store] 
Database 'D:\Documentos\DAM2_DUAL\Workspace\Acceso a datos\UD4\Prueba\data\campeonato.odb' is closed by 3432@PC10

------------------------------------------------------------------------------------------------------------------------

[2023-01-09 20:18:42 #1 store] 
Database 'D:\Documentos\DAM2_DUAL\Workspace\Acceso a datos\UD4\Prueba\data\campeonato.odb' is opened by 10212@PC10

[2023-01-09 20:18:42 #2 store] 
Configuration path: ?

[2023-01-09 20:18:42 #3 type] 
Type modelo.Jugador is not enhanced.

[2023-01-09 20:18:42 #4 type] 
Type modelo.Fecha is not enhanced.

[2023-01-09 20:18:42 #5 type] 
Type modelo.Equipo is not enhanced.

[2023-01-09 20:18:42 #6 type] 
Type modelo.Partido is not enhanced.

[2023-01-09 20:18:42 #7 type] 
Type modelo.Resultado is not enhanced.

[2023-01-09 20:18:42 #8 store] 
Database 'D:\Documentos\DAM2_DUAL\Workspace\Acceso a datos\UD4\Prueba\data\campeonato.odb' is closed by 10212@PC10

------------------------------------------------------------------------------------------------------------------------

[2023-01-09 20:18:52 #1 store] 
Database 'D:\Documentos\DAM2_DUAL\Workspace\Acceso a datos\UD4\Prueba\data\campeonato.odb' is opened by 6964@PC10

[2023-01-09 20:18:52 #2 store] 
Configuration path: ?

[2023-01-09 20:18:52 #3 type] 
Type modelo.Jugador is not enhanced.

[2023-01-09 20:18:52 #4 type] 
Type modelo.Fecha is not enhanced.

[2023-01-09 20:18:52 #5 type] 
Type modelo.Equipo is not enhanced.

[2023-01-09 20:18:52 #6 type] 
Type modelo.Partido is not enhanced.

[2023-01-09 20:18:52 #7 type] 
Type modelo.Resultado is not enhanced.

[2023-01-09 20:18:53 #8 store] 
Database 'D:\Documentos\DAM2_DUAL\Workspace\Acceso a datos\UD4\Prueba\data\campeonato.odb' is closed by 6964@PC10

------------------------------------------------------------------------------------------------------------------------

[2023-01-09 20:21:03 #1 store] 
Database 'D:\Documentos\DAM2_DUAL\Workspace\Acceso a datos\UD4\Prueba\data\campeonato.odb' is opened by 8916@PC10

[2023-01-09 20:21:03 #2 store] 
Configuration path: ?

[2023-01-09 20:21:03 #3 type] 
Type modelo.Jugador is not enhanced.

[2023-01-09 20:21:03 #4 type] 
Type modelo.Fecha is not enhanced.

[2023-01-09 20:21:03 #5 type] 
Type modelo.Equipo is not enhanced.

[2023-01-09 20:21:03 #6 type] 
Type modelo.Partido is not enhanced.

[2023-01-09 20:21:03 #7 type] 
Type modelo.Resultado is not enhanced.

[2023-01-09 20:21:03 #8 store] 
Database 'D:\Documentos\DAM2_DUAL\Workspace\Acceso a datos\UD4\Prueba\data\campeonato.odb' is closed by 8916@PC10

